Logfile initialized
[INFO] logfile = /home/borey/workspace/open_source_project/learn_khmer_writing/build.log
[DEBUG] /home/borey/.titanium/mobilesdk/linux/1.7.5/android/builder.py simulator learn_khmer_writing /home/borey/opt/android-sdk-linux /home/borey/workspace/open_source_project/learn_khmer_writing com.limborey.learnkhmerwriting 3 HVGA 
[INFO] Building learn_khmer_writing for Android ... one moment
[INFO] Titanium SDK version: 1.7.5 (11/02/11 17:00 ab20af7)
[DEBUG] Waiting for device to be ready ...
[TRACE] adb devices returned 1 devices/emulators
[DEBUG] Device connected... (waited 0 seconds)
[DEBUG] waited 0.005090 seconds on emulator to get ready
[DEBUG] com.limborey.learnkhmerwriting installed? True
[INFO] Fastdev server running, deploying in Fastdev mode
[INFO] Copying project resources..
[TRACE] COPYING MODIFIED FILE: /home/borey/workspace/open_source_project/learn_khmer_writing/Resources/view/main_view.js => /home/borey/workspace/open_source_project/learn_khmer_writing/build/android/bin/assets/Resources/view/main_view.js
[INFO] Tiapp.xml unchanged, skipping class generation
[DEBUG] Processing Android resource drawables
[DEBUG] found drawable-long-land-ldpi splash screen at /home/borey/workspace/open_source_project/learn_khmer_writing/Resources/android/images/res-long-land-ldpi/default.png
[DEBUG] found drawable-long-port-hdpi splash screen at /home/borey/workspace/open_source_project/learn_khmer_writing/Resources/android/images/res-long-port-hdpi/default.png
[DEBUG] found drawable-notlong-land-ldpi splash screen at /home/borey/workspace/open_source_project/learn_khmer_writing/Resources/android/images/res-notlong-land-ldpi/default.png
[DEBUG] found drawable-long-port-ldpi splash screen at /home/borey/workspace/open_source_project/learn_khmer_writing/Resources/android/images/res-long-port-ldpi/default.png
[DEBUG] found drawable-long-land-hdpi splash screen at /home/borey/workspace/open_source_project/learn_khmer_writing/Resources/android/images/res-long-land-hdpi/default.png
[DEBUG] found drawable-notlong-land-hdpi splash screen at /home/borey/workspace/open_source_project/learn_khmer_writing/Resources/android/images/res-notlong-land-hdpi/default.png
[DEBUG] found drawable-notlong-port-ldpi splash screen at /home/borey/workspace/open_source_project/learn_khmer_writing/Resources/android/images/res-notlong-port-ldpi/default.png
[DEBUG] found drawable-notlong-port-hdpi splash screen at /home/borey/workspace/open_source_project/learn_khmer_writing/Resources/android/images/res-notlong-port-hdpi/default.png
[DEBUG] found drawable-notlong-port-mdpi splash screen at /home/borey/workspace/open_source_project/learn_khmer_writing/Resources/android/images/res-notlong-port-mdpi/default.png
[DEBUG] found drawable-notlong-land-mdpi splash screen at /home/borey/workspace/open_source_project/learn_khmer_writing/Resources/android/images/res-notlong-land-mdpi/default.png
[INFO] Waiting for SDCard to become available..
[INFO] Re-launching application ... learn_khmer_writing
[INFO] Launching application ... learn_khmer_writing
[TRACE] Launch output: Starting: Intent { act=android.intent.action.MAIN cat=[android.intent.category.LAUNCHER] cmp=com.limborey.learnkhmerwriting/.Learn_khmer_writingActivity }

